<?xml version="1.0" encoding="UTF-8"?>
<!-- Generated by org.testng.reporters.JUnitXMLReporter -->
<testsuite ignored="0" hostname="DESKTOP-CFS2EAU" failures="0" tests="3" name="Default test" time="9.657" errors="0" timestamp="2025-01-08T09:15:47 IST">
  <testcase classname="day1.HttpRequests" name="createUserForGettingId" time="8.542"/>
  <testcase classname="day1.HttpRequests" name="updateUser" time="0.54"/>
  <testcase classname="day1.HttpRequests" name="deleteUser" time="0.394"/>
</testsuite> <!-- Default test -->
