<?xml version="1.0" encoding="UTF-8"?>
<!-- Generated by org.testng.reporters.JUnitXMLReporter -->
<testsuite ignored="0" hostname="DESKTOP-CFS2EAU" failures="0" tests="3" name="Default test" time="9.296" errors="0" timestamp="2024-12-21T21:59:14 IST">
  <testcase classname="day1.HttpRequests" name="createUserForGettingId" time="8.067"/>
  <testcase classname="day1.HttpRequests" name="updateUser" time="0.58"/>
  <testcase classname="day1.HttpRequests" name="deleteUser" time="0.444"/>
</testsuite> <!-- Default test -->
