<?xml version="1.0" encoding="UTF-8"?>
<testng-results ignored="0" total="1" passed="1" failed="0" skipped="0">
  <reporter-output>
  </reporter-output>
  <suite started-at="2025-03-27T07:54:53 IST" name="Default suite" finished-at="2025-03-27T07:55:02 IST" duration-ms="9475">
    <groups>
    </groups>
    <test started-at="2025-03-27T07:54:53 IST" name="Default test" finished-at="2025-03-27T07:55:02 IST" duration-ms="9475">
      <class name="shopperStack.SS_001_Scenario">
        <test-method signature="test_API_001()[pri:0, instance:shopperStack.SS_001_Scenario@6adbc9d]" started-at="2025-03-27T07:54:53 IST" name="test_API_001" finished-at="2025-03-27T07:55:02 IST" duration-ms="9367" status="PASS">
          <reporter-output>
          </reporter-output>
        </test-method> <!-- test_API_001 -->
      </class> <!-- shopperStack.SS_001_Scenario -->
    </test> <!-- Default test -->
  </suite> <!-- Default suite -->
</testng-results>
