<?xml version="1.0" encoding="UTF-8"?>
<testng-results ignored="0" total="3" passed="3" failed="0" skipped="0">
  <reporter-output>
  </reporter-output>
  <suite started-at="2025-01-08T09:15:38 IST" name="Default suite" finished-at="2025-01-08T09:15:47 IST" duration-ms="9657">
    <groups>
    </groups>
    <test started-at="2025-01-08T09:15:38 IST" name="Default test" finished-at="2025-01-08T09:15:47 IST" duration-ms="9657">
      <class name="day1.HttpRequests">
        <test-method signature="createUserForGettingId()[pri:3, instance:day1.HttpRequests@6adbc9d]" started-at="2025-01-08T09:15:38 IST" name="createUserForGettingId" finished-at="2025-01-08T09:15:46 IST" duration-ms="8542" status="PASS">
          <reporter-output>
          </reporter-output>
        </test-method> <!-- createUserForGettingId -->
        <test-method signature="updateUser()[pri:4, instance:day1.HttpRequests@6adbc9d]" started-at="2025-01-08T09:15:46 IST" name="updateUser" finished-at="2025-01-08T09:15:47 IST" depends-on-methods="day1.HttpRequests.createUserForGettingId" duration-ms="540" status="PASS">
          <reporter-output>
          </reporter-output>
        </test-method> <!-- updateUser -->
        <test-method signature="deleteUser()[pri:5, instance:day1.HttpRequests@6adbc9d]" started-at="2025-01-08T09:15:47 IST" name="deleteUser" finished-at="2025-01-08T09:15:47 IST" depends-on-methods="day1.HttpRequests.createUserForGettingId" duration-ms="394" status="PASS">
          <reporter-output>
          </reporter-output>
        </test-method> <!-- deleteUser -->
      </class> <!-- day1.HttpRequests -->
    </test> <!-- Default test -->
  </suite> <!-- Default suite -->
</testng-results>
